{"/Users/jakoberiksson/git/jsramverkHT24-backend/app.js": {"path":"/Users/jakoberiksson/git/jsramverkHT24-backend/app.js","statementMap":{"0":{"start":{"line":1,"column":0},"end":{"line":1,"column":25}},"1":{"start":{"line":2,"column":13},"end":{"line":2,"column":37}},"2":{"start":{"line":3,"column":16},"end":{"line":3,"column":34}},"3":{"start":{"line":4,"column":15},"end":{"line":4,"column":32}},"4":{"start":{"line":5,"column":13},"end":{"line":5,"column":28}},"5":{"start":{"line":6,"column":13},"end":{"line":6,"column":40}},"6":{"start":{"line":7,"column":19},"end":{"line":7,"column":46}},"7":{"start":{"line":8,"column":12},"end":{"line":8,"column":21}},"8":{"start":{"line":10,"column":0},"end":{"line":10,"column":28}},"9":{"start":{"line":18,"column":0},"end":{"line":18,"column":24}},"10":{"start":{"line":19,"column":0},"end":{"line":19,"column":48}},"11":{"start":{"line":20,"column":0},"end":{"line":20,"column":16}},"12":{"start":{"line":22,"column":0},"end":{"line":22,"column":32}},"13":{"start":{"line":24,"column":0},"end":{"line":24,"column":9}},"14":{"start":{"line":26,"column":15},"end":{"line":28,"column":2}},"15":{"start":{"line":27,"column":4},"end":{"line":27,"column":57}},"16":{"start":{"line":30,"column":0},"end":{"line":30,"column":24}}},"fnMap":{"0":{"name":"(anonymous_0)","decl":{"start":{"line":26,"column":32},"end":{"line":26,"column":33}},"loc":{"start":{"line":26,"column":38},"end":{"line":28,"column":1}},"line":26}},"branchMap":{"0":{"loc":{"start":{"line":2,"column":13},"end":{"line":2,"column":37}},"type":"binary-expr","locations":[{"start":{"line":2,"column":13},"end":{"line":2,"column":29}},{"start":{"line":2,"column":33},"end":{"line":2,"column":37}}],"line":2}},"s":{"0":1,"1":1,"2":1,"3":1,"4":1,"5":1,"6":1,"7":1,"8":1,"9":1,"10":1,"11":1,"12":1,"13":1,"14":1,"15":1,"16":1},"f":{"0":1},"b":{"0":[1,0]},"_coverageSchema":"1a1c01bbd47fc00a2c39e90264f33305004495a9","hash":"1c9a52e29d580b855cf32415035d46b7a2f01ac6"}
,"/Users/jakoberiksson/git/jsramverkHT24-backend/controllers/documentController.js": {"path":"/Users/jakoberiksson/git/jsramverkHT24-backend/controllers/documentController.js","statementMap":{"0":{"start":{"line":1,"column":17},"end":{"line":1,"column":54}},"1":{"start":{"line":2,"column":17},"end":{"line":2,"column":36}},"2":{"start":{"line":5,"column":4},"end":{"line":18,"column":5}},"3":{"start":{"line":6,"column":21},"end":{"line":6,"column":42}},"4":{"start":{"line":7,"column":8},"end":{"line":7,"column":35}},"5":{"start":{"line":9,"column":8},"end":{"line":17,"column":11}},"6":{"start":{"line":22,"column":15},"end":{"line":22,"column":28}},"7":{"start":{"line":24,"column":4},"end":{"line":28,"column":5}},"8":{"start":{"line":25,"column":8},"end":{"line":27,"column":73}},"9":{"start":{"line":30,"column":4},"end":{"line":50,"column":5}},"10":{"start":{"line":31,"column":20},"end":{"line":31,"column":47}},"11":{"start":{"line":33,"column":8},"end":{"line":37,"column":9}},"12":{"start":{"line":34,"column":12},"end":{"line":36,"column":77}},"13":{"start":{"line":39,"column":8},"end":{"line":39,"column":34}},"14":{"start":{"line":41,"column":8},"end":{"line":49,"column":11}},"15":{"start":{"line":54,"column":18},"end":{"line":54,"column":32}},"16":{"start":{"line":55,"column":20},"end":{"line":55,"column":36}},"17":{"start":{"line":57,"column":4},"end":{"line":61,"column":5}},"18":{"start":{"line":58,"column":8},"end":{"line":60,"column":64}},"19":{"start":{"line":63,"column":4},"end":{"line":76,"column":5}},"20":{"start":{"line":64,"column":20},"end":{"line":64,"column":61}},"21":{"start":{"line":65,"column":8},"end":{"line":65,"column":34}},"22":{"start":{"line":67,"column":8},"end":{"line":75,"column":11}},"23":{"start":{"line":80,"column":18},"end":{"line":80,"column":32}},"24":{"start":{"line":81,"column":20},"end":{"line":81,"column":36}},"25":{"start":{"line":82,"column":15},"end":{"line":82,"column":28}},"26":{"start":{"line":84,"column":4},"end":{"line":88,"column":5}},"27":{"start":{"line":85,"column":8},"end":{"line":87,"column":73}},"28":{"start":{"line":90,"column":4},"end":{"line":94,"column":5}},"29":{"start":{"line":91,"column":8},"end":{"line":93,"column":64}},"30":{"start":{"line":96,"column":4},"end":{"line":120,"column":5}},"31":{"start":{"line":97,"column":20},"end":{"line":101,"column":9}},"32":{"start":{"line":103,"column":8},"end":{"line":107,"column":9}},"33":{"start":{"line":104,"column":12},"end":{"line":106,"column":77}},"34":{"start":{"line":109,"column":8},"end":{"line":109,"column":34}},"35":{"start":{"line":111,"column":8},"end":{"line":119,"column":11}},"36":{"start":{"line":124,"column":15},"end":{"line":124,"column":28}},"37":{"start":{"line":126,"column":4},"end":{"line":130,"column":5}},"38":{"start":{"line":127,"column":8},"end":{"line":129,"column":73}},"39":{"start":{"line":132,"column":4},"end":{"line":152,"column":5}},"40":{"start":{"line":133,"column":20},"end":{"line":133,"column":64}},"41":{"start":{"line":135,"column":8},"end":{"line":139,"column":9}},"42":{"start":{"line":136,"column":12},"end":{"line":138,"column":77}},"43":{"start":{"line":141,"column":8},"end":{"line":141,"column":75}},"44":{"start":{"line":143,"column":8},"end":{"line":151,"column":11}},"45":{"start":{"line":155,"column":0},"end":{"line":161,"column":2}}},"fnMap":{"0":{"name":"getAll","decl":{"start":{"line":4,"column":15},"end":{"line":4,"column":21}},"loc":{"start":{"line":4,"column":32},"end":{"line":19,"column":1}},"line":4},"1":{"name":"getOne","decl":{"start":{"line":21,"column":15},"end":{"line":21,"column":21}},"loc":{"start":{"line":21,"column":32},"end":{"line":51,"column":1}},"line":21},"2":{"name":"addOne","decl":{"start":{"line":53,"column":15},"end":{"line":53,"column":21}},"loc":{"start":{"line":53,"column":32},"end":{"line":77,"column":1}},"line":53},"3":{"name":"updateOne","decl":{"start":{"line":79,"column":15},"end":{"line":79,"column":24}},"loc":{"start":{"line":79,"column":35},"end":{"line":121,"column":1}},"line":79},"4":{"name":"deleteOne","decl":{"start":{"line":123,"column":15},"end":{"line":123,"column":24}},"loc":{"start":{"line":123,"column":35},"end":{"line":153,"column":1}},"line":123}},"branchMap":{"0":{"loc":{"start":{"line":24,"column":4},"end":{"line":28,"column":5}},"type":"if","locations":[{"start":{"line":24,"column":4},"end":{"line":28,"column":5}},{"start":{},"end":{}}],"line":24},"1":{"loc":{"start":{"line":33,"column":8},"end":{"line":37,"column":9}},"type":"if","locations":[{"start":{"line":33,"column":8},"end":{"line":37,"column":9}},{"start":{},"end":{}}],"line":33},"2":{"loc":{"start":{"line":57,"column":4},"end":{"line":61,"column":5}},"type":"if","locations":[{"start":{"line":57,"column":4},"end":{"line":61,"column":5}},{"start":{},"end":{}}],"line":57},"3":{"loc":{"start":{"line":57,"column":8},"end":{"line":57,"column":26}},"type":"binary-expr","locations":[{"start":{"line":57,"column":8},"end":{"line":57,"column":14}},{"start":{"line":57,"column":18},"end":{"line":57,"column":26}}],"line":57},"4":{"loc":{"start":{"line":84,"column":4},"end":{"line":88,"column":5}},"type":"if","locations":[{"start":{"line":84,"column":4},"end":{"line":88,"column":5}},{"start":{},"end":{}}],"line":84},"5":{"loc":{"start":{"line":90,"column":4},"end":{"line":94,"column":5}},"type":"if","locations":[{"start":{"line":90,"column":4},"end":{"line":94,"column":5}},{"start":{},"end":{}}],"line":90},"6":{"loc":{"start":{"line":90,"column":8},"end":{"line":90,"column":26}},"type":"binary-expr","locations":[{"start":{"line":90,"column":8},"end":{"line":90,"column":14}},{"start":{"line":90,"column":18},"end":{"line":90,"column":26}}],"line":90},"7":{"loc":{"start":{"line":103,"column":8},"end":{"line":107,"column":9}},"type":"if","locations":[{"start":{"line":103,"column":8},"end":{"line":107,"column":9}},{"start":{},"end":{}}],"line":103},"8":{"loc":{"start":{"line":126,"column":4},"end":{"line":130,"column":5}},"type":"if","locations":[{"start":{"line":126,"column":4},"end":{"line":130,"column":5}},{"start":{},"end":{}}],"line":126},"9":{"loc":{"start":{"line":135,"column":8},"end":{"line":139,"column":9}},"type":"if","locations":[{"start":{"line":135,"column":8},"end":{"line":139,"column":9}},{"start":{},"end":{}}],"line":135}},"s":{"0":1,"1":1,"2":2,"3":2,"4":1,"5":1,"6":4,"7":4,"8":1,"9":3,"10":3,"11":2,"12":1,"13":1,"14":1,"15":3,"16":3,"17":3,"18":1,"19":2,"20":2,"21":1,"22":1,"23":5,"24":5,"25":5,"26":5,"27":1,"28":4,"29":1,"30":3,"31":3,"32":2,"33":1,"34":1,"35":1,"36":4,"37":4,"38":1,"39":3,"40":3,"41":2,"42":1,"43":1,"44":1,"45":1},"f":{"0":2,"1":4,"2":3,"3":5,"4":4},"b":{"0":[1,3],"1":[1,1],"2":[1,2],"3":[3,3],"4":[1,4],"5":[1,3],"6":[4,4],"7":[1,1],"8":[1,3],"9":[1,1]},"_coverageSchema":"1a1c01bbd47fc00a2c39e90264f33305004495a9","hash":"95c842867fb33bd75c0fcc250b386710f3180bd6"}
,"/Users/jakoberiksson/git/jsramverkHT24-backend/db/database.js": {"path":"/Users/jakoberiksson/git/jsramverkHT24-backend/db/database.js","statementMap":{"0":{"start":{"line":1,"column":17},"end":{"line":1,"column":36}},"1":{"start":{"line":4,"column":16},"end":{"line":4,"column":52}},"2":{"start":{"line":6,"column":8},"end":{"line":6,"column":78}},"3":{"start":{"line":8,"column":4},"end":{"line":8,"column":34}},"4":{"start":{"line":9,"column":4},"end":{"line":9,"column":48}},"5":{"start":{"line":13,"column":4},"end":{"line":13,"column":38}},"6":{"start":{"line":16,"column":0},"end":{"line":16,"column":37}}},"fnMap":{"0":{"name":"openDb","decl":{"start":{"line":3,"column":15},"end":{"line":3,"column":21}},"loc":{"start":{"line":3,"column":24},"end":{"line":10,"column":1}},"line":3},"1":{"name":"closeDb","decl":{"start":{"line":12,"column":15},"end":{"line":12,"column":22}},"loc":{"start":{"line":12,"column":25},"end":{"line":14,"column":1}},"line":12}},"branchMap":{"0":{"loc":{"start":{"line":4,"column":16},"end":{"line":4,"column":52}},"type":"binary-expr","locations":[{"start":{"line":4,"column":16},"end":{"line":4,"column":36}},{"start":{"line":4,"column":40},"end":{"line":4,"column":52}}],"line":4},"1":{"loc":{"start":{"line":6,"column":8},"end":{"line":6,"column":78}},"type":"cond-expr","locations":[{"start":{"line":6,"column":25},"end":{"line":6,"column":50}},{"start":{"line":6,"column":53},"end":{"line":6,"column":78}}],"line":6}},"s":{"0":1,"1":4,"2":4,"3":4,"4":4,"5":6,"6":1},"f":{"0":4,"1":6},"b":{"0":[4,0],"1":[4,0]},"_coverageSchema":"1a1c01bbd47fc00a2c39e90264f33305004495a9","hash":"a792e283ca953dce9cb0c5c7c1bbe611631ea587"}
,"/Users/jakoberiksson/git/jsramverkHT24-backend/models/documentModel.js": {"path":"/Users/jakoberiksson/git/jsramverkHT24-backend/models/documentModel.js","statementMap":{"0":{"start":{"line":1,"column":17},"end":{"line":1,"column":36}},"1":{"start":{"line":2,"column":19},"end":{"line":2,"column":27}},"2":{"start":{"line":4,"column":23},"end":{"line":10,"column":1}},"3":{"start":{"line":12,"column":17},"end":{"line":12,"column":59}},"4":{"start":{"line":14,"column":0},"end":{"line":14,"column":26}}},"fnMap":{},"branchMap":{},"s":{"0":1,"1":1,"2":1,"3":1,"4":1},"f":{},"b":{},"_coverageSchema":"1a1c01bbd47fc00a2c39e90264f33305004495a9","hash":"80dd134ab89a09c89bf777efb4779d2c211849d8"}
,"/Users/jakoberiksson/git/jsramverkHT24-backend/routes/docs.js": {"path":"/Users/jakoberiksson/git/jsramverkHT24-backend/routes/docs.js","statementMap":{"0":{"start":{"line":1,"column":16},"end":{"line":1,"column":34}},"1":{"start":{"line":8,"column":4},"end":{"line":8,"column":51}},"2":{"start":{"line":10,"column":15},"end":{"line":10,"column":31}},"3":{"start":{"line":12,"column":0},"end":{"line":12,"column":24}},"4":{"start":{"line":13,"column":0},"end":{"line":13,"column":27}},"5":{"start":{"line":14,"column":0},"end":{"line":14,"column":25}},"6":{"start":{"line":15,"column":0},"end":{"line":15,"column":30}},"7":{"start":{"line":16,"column":0},"end":{"line":16,"column":33}},"8":{"start":{"line":18,"column":0},"end":{"line":18,"column":24}}},"fnMap":{},"branchMap":{},"s":{"0":1,"1":1,"2":1,"3":1,"4":1,"5":1,"6":1,"7":1,"8":1},"f":{},"b":{},"_coverageSchema":"1a1c01bbd47fc00a2c39e90264f33305004495a9","hash":"f88b18c7a9de848966d0206c32d320bd807549fa"}
}
