TN:
SF:app.js
FN:26,(anonymous_0)
FNF:1
FNH:1
FNDA:1,(anonymous_0)
DA:1,1
DA:2,1
DA:3,1
DA:4,1
DA:5,1
DA:6,1
DA:7,1
DA:8,1
DA:10,1
DA:18,1
DA:19,1
DA:20,1
DA:22,1
DA:24,1
DA:26,1
DA:27,1
DA:30,1
LF:17
LH:17
BRDA:2,0,0,1
BRDA:2,0,1,0
BRF:2
BRH:1
end_of_record
TN:
SF:controllers/documentController.js
FN:4,getAll
FN:21,getOne
FN:53,addOne
FN:79,updateOne
FN:123,deleteOne
FNF:5
FNH:5
FNDA:2,getAll
FNDA:4,getOne
FNDA:3,addOne
FNDA:5,updateOne
FNDA:4,deleteOne
DA:1,1
DA:2,1
DA:5,2
DA:6,2
DA:7,1
DA:9,1
DA:22,4
DA:24,4
DA:25,1
DA:30,3
DA:31,3
DA:33,2
DA:34,1
DA:39,1
DA:41,1
DA:54,3
DA:55,3
DA:57,3
DA:58,1
DA:63,2
DA:64,2
DA:65,1
DA:67,1
DA:80,5
DA:81,5
DA:82,5
DA:84,5
DA:85,1
DA:90,4
DA:91,1
DA:96,3
DA:97,3
DA:103,2
DA:104,1
DA:109,1
DA:111,1
DA:124,4
DA:126,4
DA:127,1
DA:132,3
DA:133,3
DA:135,2
DA:136,1
DA:141,1
DA:143,1
DA:155,1
LF:46
LH:46
BRDA:24,0,0,1
BRDA:24,0,1,3
BRDA:33,1,0,1
BRDA:33,1,1,1
BRDA:57,2,0,1
BRDA:57,2,1,2
BRDA:57,3,0,3
BRDA:57,3,1,3
BRDA:84,4,0,1
BRDA:84,4,1,4
BRDA:90,5,0,1
BRDA:90,5,1,3
BRDA:90,6,0,4
BRDA:90,6,1,4
BRDA:103,7,0,1
BRDA:103,7,1,1
BRDA:126,8,0,1
BRDA:126,8,1,3
BRDA:135,9,0,1
BRDA:135,9,1,1
BRF:20
BRH:20
end_of_record
TN:
SF:db/database.js
FN:3,openDb
FN:12,closeDb
FNF:2
FNH:2
FNDA:4,openDb
FNDA:6,closeDb
DA:1,1
DA:4,4
DA:6,4
DA:8,4
DA:9,4
DA:13,6
DA:16,1
LF:7
LH:7
BRDA:4,0,0,4
BRDA:4,0,1,0
BRDA:6,1,0,4
BRDA:6,1,1,0
BRF:4
BRH:2
end_of_record
TN:
SF:models/documentModel.js
FNF:0
FNH:0
DA:1,1
DA:2,1
DA:4,1
DA:12,1
DA:14,1
LF:5
LH:5
BRF:0
BRH:0
end_of_record
TN:
SF:routes/docs.js
FNF:0
FNH:0
DA:1,1
DA:8,1
DA:10,1
DA:12,1
DA:13,1
DA:14,1
DA:15,1
DA:16,1
DA:18,1
LF:9
LH:9
BRF:0
BRH:0
end_of_record
